<?xml version="1.0" encoding="UTF-8"?>
<!-- Generated by org.testng.reporters.JUnitReportReporter -->
<testsuite hostname="Gopi" failures="0" tests="1" name="Testcases.LoginTestCases" time="9.114" errors="0" timestamp="2022-02-10T16:24:52 GMT" skipped="0">
  <testcase classname="Testcases.LoginTestCases" name="login" time="9.114"/>
  <system-out/>
</testsuite> <!-- Testcases.LoginTestCases -->
