<?xml version="1.0" encoding="UTF-8"?>
<!-- Generated by org.testng.reporters.JUnitReportReporter -->
<testsuite hostname="Gopi" failures="0" tests="1" name="Testcases.UpdateProfile" time="8.599" errors="0" timestamp="2022-02-11T13:56:40 GMT" skipped="0">
  <testcase classname="Testcases.UpdateProfile" name="update" time="8.599"/>
  <system-out/>
</testsuite> <!-- Testcases.UpdateProfile -->
