<?xml version="1.0" encoding="UTF-8"?>
<!-- Generated by org.testng.reporters.JUnitReportReporter -->
<testsuite hostname="Gopi" failures="0" tests="1" name="POMTestcases.LoginTestCases" time="6.424" errors="0" timestamp="2022-02-09T12:59:44 GMT" skipped="0">
  <testcase classname="POMTestcases.LoginTestCases" name="login" time="6.424"/>
  <system-out/>
</testsuite> <!-- POMTestcases.LoginTestCases -->
