<?xml version="1.0" encoding="UTF-8"?>
<!-- Generated by org.testng.reporters.JUnitReportReporter -->
<testsuite hostname="Gopi" failures="0" tests="1" name="POMTestcases.UpdateProfile" time="9.823" errors="0" timestamp="2022-02-09T16:00:11 GMT" skipped="0">
  <testcase classname="POMTestcases.UpdateProfile" name="update" time="9.823"/>
  <system-out/>
</testsuite> <!-- POMTestcases.UpdateProfile -->
